<?xml version="1.0" encoding="UTF-8"?>
<testsuite xmlns:xsi="http://www.w3.org/2001/XMLSchema-instance" xsi:noNamespaceSchemaLocation="https://maven.apache.org/surefire/maven-surefire-plugin/xsd/surefire-test-report.xsd" version="3.0.1" name="com.algoritmos.pilhas.pilhaVetor.PilhaVetorTest" time="0.08" tests="8" errors="0" skipped="0" failures="0">
  <properties>
[...]
</properties>
  <testcase name="testEstaVaziaPilhaNaoVazia" classname="com.algoritmos.pilhas.pilhaVetor.PilhaVetorTest" time="0.033"/>
  <testcase name="testPeek" classname="com.algoritmos.pilhas.pilhaVetor.PilhaVetorTest" time="0.002"/>
  <testcase name="testLiberar" classname="com.algoritmos.pilhas.pilhaVetor.PilhaVetorTest" time="0.003"/>
  <testcase name="testEmpilharEDesempilhar" classname="com.algoritmos.pilhas.pilhaVetor.PilhaVetorTest" time="0.001"/>
  <testcase name="testEstaVaziaPilhaVazia" classname="com.algoritmos.pilhas.pilhaVetor.PilhaVetorTest" time="0.001"/>
  <testcase name="testPilhaVaziaException" classname="com.algoritmos.pilhas.pilhaVetor.PilhaVetorTest" time="0.002"/>
  <testcase name="testConcatenar" classname="com.algoritmos.pilhas.pilhaVetor.PilhaVetorTest" time="0.001"/>
  <testcase name="testPilhaCheiaException" classname="com.algoritmos.pilhas.pilhaVetor.PilhaVetorTest" time="0.001"/>
</testsuite>